node:electron/js2c/renderer_init:2 Unable to load preload script: /home/wille/projects/desktop-assistant/client/build/preload.js
(anonymous) @ node:electron/js2c/renderer_init:2
node:electron/js2c/renderer_init:2 Error: Cannot find module '/home/wille/projects/desktop-assistant/client/build/preload.js'
    at Module._resolveFilename (node:internal/modules/cjs/loader:1151:15)
    at a._resolveFilename (node:electron/js2c/renderer_init:2:2669)
    at Module._load (node:internal/modules/cjs/loader:992:27)
    at c._load (node:electron/js2c/node_init:2:13672)
    at s._load (node:electron/js2c/renderer_init:2:31018)
    at node:electron/js2c/renderer_init:2:33087
    at node:electron/js2c/renderer_init:2:33539
    at ___electron_webpack_init__ (node:electron/js2c/renderer_init:2:33543)
    at node:electron/js2c/renderer_init:2:33666
    at BuiltinModule.compileForInternalLoader (node:internal/bootstrap/realm:401:7)
(anonymous) @ node:electron/js2c/renderer_init:2
main.35ba51f6.js:1 
        
        
       Failed to load resource: net::ERR_FILE_NOT_FOUND
main.f855e6bc.css:1 
        
        
       Failed to load resource: net::ERR_FILE_NOT_FOUND
main.js:1 
        
        
       Failed to load resource: net::ERR_FILE_NOT_FOUND
node:electron/js2c/renderer_init:2 Electron Security Warning (Disabled webSecurity) This renderer process has "webSecurity" disabled. This
  exposes users of this app to severe security risks.

For more information and help, consult
https://electronjs.org/docs/tutorial/security.
This warning will not show up
once the app is packaged.
(anonymous) @ node:electron/js2c/renderer_init:2
node:electron/js2c/renderer_init:2 Electron Security Warning (allowRunningInsecureContent) This renderer process has "allowRunningInsecureContent"
  enabled. This exposes users of this app to severe security risks.

  
For more information and help, consult
https://electronjs.org/docs/tutorial/security.
This warning will not show up
once the app is packaged.
(anonymous) @ node:electron/js2c/renderer_init:2
node:electron/js2c/renderer_init:2 Electron Security Warning (Insecure Content-Security-Policy) This renderer process has either no Content Security
  Policy set or a policy with "unsafe-eval" enabled. This exposes users of
  this app to unnecessary security risks.

For more information and help, consult
https://electronjs.org/docs/tutorial/security.
This warning will not show up
once the app is packaged.
warnAboutInsecureCSP @ node:electron/js2c/renderer_init:2
