main.35ba51f6.js:1 
        
        
       Failed to load resource: net::ERR_FILE_NOT_FOUND
main.f855e6bc.css:1 
        
        
       Failed to load resource: net::ERR_FILE_NOT_FOUND
node:electron/js2c/renderer_init:2 Electron Security Warning (Disabled webSecurity) This renderer process has "webSecurity" disabled. This
  exposes users of this app to severe security risks.

For more information and help, consult
https://electronjs.org/docs/tutorial/security.
This warning will not show up
once the app is packaged.
(anonymous) @ node:electron/js2c/renderer_init:2
node:electron/js2c/renderer_init:2 Electron Security Warning (allowRunningInsecureContent) This renderer process has "allowRunningInsecureContent"
  enabled. This exposes users of this app to severe security risks.

  
For more information and help, consult
https://electronjs.org/docs/tutorial/security.
This warning will not show up
once the app is packaged.
(anonymous) @ node:electron/js2c/renderer_init:2
node:electron/js2c/renderer_init:2 Electron Security Warning (Insecure Content-Security-Policy) This renderer process has either no Content Security
  Policy set or a policy with "unsafe-eval" enabled. This exposes users of
  this app to unnecessary security risks.

For more information and help, consult
https://electronjs.org/docs/tutorial/security.
This warning will not show up
once the app is packaged.
warnAboutInsecureCSP @ node:electron/js2c/renderer_init:2
